["infile", "../data/GAN/007_restricted_snowball_output.jsonl"]
["raw network is connected = ", false]
["decycled network is connected = ", true]
["output", "../data/GAN/008_search_path_count_output.jsonl"]
["len(citation_net.nodes())", 4063]
["decycled network is connected = ", true]
["weight_min", 0.0033212570880173297]
["selected items", 550]
["id", 2163922914, "spc", 0.7270463259095679, "year", 2013, "title", "representation learning a review and new perspectives"]
["id", 1479807131, "spc", 0.6591806121772433, "year", 2010, "title", "semi supervised learning"]
["id", 2097998348, "spc", 0.645597077584705, "year", 2012, "title", "random search for hyper parameter optimization"]
["id", 2138857742, "spc", 0.5743390936659726, "year", 2010, "title", "why does unsupervised pre training help deep learning"]
["id", 2131241448, "spc", 0.37586996134143824, "year", 2012, "title", "practical bayesian optimization of machine learning algorithms"]
["id", 2106411961, "spc", 0.3156358752890498, "year", 2011, "title", "algorithms for hyper parameter optimization"]
["id", 2102017903, "spc", 0.2716509911728785, "year", 2011, "title", "on optimization methods for deep learning"]
["id", 2076063813, "spc", 0.22488311258736834, "year", 2015, "title", "deep learning in neural networks"]
["id", 2150341604, "spc", 0.20334938599485625, "year", 2014, "title", "deep learning methods and applications"]
["id", 2168231600, "spc", 0.2027893201303644, "year", 2012, "title", "large scale distributed deep networks"]
["id", 219040644, "spc", 0.14530647122889856, "year", 2015, "title", "unsupervised learning of visual representations using videos"]
["id", 2095705004, "spc", 0.14024201360517133, "year", 2014, "title", "dropout a simple way to prevent neural networks from overfitting"]
["id", 2919115771, "spc", 0.13584889667926917, "year", 2015, "title", "deep learning"]
["id", 2171490498, "spc", 0.13309679653404963, "year", 2010, "title", "fast inference in sparse coding algorithms with applications to object recognition"]
["id", 2097117768, "spc", 0.12076880793622317, "year", 2015, "title", "going deeper with convolutions"]
["id", 2326925005, "spc", 0.11213644335243064, "year", 2016, "title", "colorful image colorization"]
["id", 1985697265, "spc", 0.10530987079879633, "year", 2015, "title", "transitive transfer learning"]
["id", 2963420272, "spc", 0.10225463562551497, "year", 2016, "title", "context encoders feature learning by inpainting"]
["id", 2786808285, "spc", 0.1016985883506281, "year", 2018, "title", "deep visual domain adaptation a survey"]
["id", 2009077327, "spc", 0.0923154501101005, "year", 2011, "title", "learning to rank for information retrieval and natural language processing"]
["id", 3035001721, "spc", 0.0907349754303388, "year", 2020, "title", "towards robust pattern recognition a review"]
["id", 1613249581, "spc", 0.09014710022841131, "year", 2013, "title", "deep learning of representations looking forward"]
["id", 2168356304, "spc", 0.08771214612876357, "year", 2010, "title", "object detection with discriminatively trained part based models"]
["id", 2170245882, "spc", 0.08603241402918153, "year", 2014, "title", "semantic matching in search"]
["id", 3032150799, "spc", 0.0840694044874816, "year", 2020, "title", "towards robust pattern recognition a review"]
["id", 2953259386, "spc", 0.06726909090638702, "year", 2015, "title", "unsupervised learning of visual representations using videos"]
["id", 2963446712, "spc", 0.06501280364926151, "year", 2017, "title", "densely connected convolutional networks"]
["id", 2129305389, "spc", 0.06376371442097127, "year", 2011, "title", "segmentation as selective search for object recognition"]
["id", 1507506748, "spc", 0.05974571757974484, "year", 2014, "title", "simultaneous detection and segmentation"]
["id", 2964037671, "spc", 0.05826474614242138, "year", 2017, "title", "unsupervised representation learning by sorting sequences"]
["id", 1903029394, "spc", 0.05685757379315824, "year", 2015, "title", "fully convolutional networks for semantic segmentation"]
["id", 2194775991, "spc", 0.05680635377406719, "year", 2016, "title", "deep residual learning for image recognition"]
["id", 2982232682, "spc", 0.05270957950091187, "year", 2019, "title", "racial faces in the wild reducing racial bias by information maximization adaptation network"]
["id", 2590953969, "spc", 0.05117498647955988, "year", 2017, "title", "domain adaptation for visual applications a comprehensive survey"]
["id", 2101626488, "spc", 0.04927550988063222, "year", 2011, "title", "a short introduction to learning to rank"]
["id", 2158542502, "spc", 0.049182102516091515, "year", 2013, "title", "learning with marginalized corrupted features"]
["id", 2963082247, "spc", 0.04799574861463242, "year", 2018, "title", "deep visual domain adaptation a survey"]
["id", 2412320034, "spc", 0.045576664021223026, "year", 2016, "title", "adversarial feature learning"]
["id", 1964005749, "spc", 0.044555605780951926, "year", 2013, "title", "bottom up segmentation for top down detection"]
["id", 2895478406, "spc", 0.04429801157213809, "year", 2019, "title", "visual permutation learning"]
["id", 2154851992, "spc", 0.04273327302676883, "year", 2014, "title", "deepwalk online learning of social representations"]
["id", 2766284073, "spc", 0.04013747771124362, "year", 2017, "title", "deeprank a new deep architecture for relevance ranking in information retrieval"]
["id", 2507839313, "spc", 0.038035152995250926, "year", 2016, "title", "learning latent vector spaces for product search"]
["id", 1905882502, "spc", 0.03619656979694286, "year", 2015, "title", "deep visual semantic alignments for generating image descriptions"]
["id", 2286300105, "spc", 0.03584683917882564, "year", 2016, "title", "text matching as image recognition"]
["id", 2964081807, "spc", 0.03584324947123489, "year", 2018, "title", "learning transferable architectures for scalable image recognition"]
["id", 2123024445, "spc", 0.035737166551065964, "year", 2013, "title", "devise a deep visual semantic embedding model"]
["id", 2592929672, "spc", 0.0351596568695274, "year", 2017, "title", "a survey on deep learning in medical image analysis"]
["id", 2107215754, "spc", 0.034613937631438774, "year", 2013, "title", "discriminative transfer learning with tree based priors"]
["id", 2411541852, "spc", 0.03418249801591727, "year", 2016, "title", "adversarially learned inference"]
["id", 2069875088, "spc", 0.033931978616915597, "year", 2010, "title", "learning to rank only using training data from related domain"]
["id", 2902316941, "spc", 0.03270797375619001, "year", 2020, "title", "better software analytics via duo data mining algorithms using used by optimizers"]
["id", 2018389835, "spc", 0.032515419679178176, "year", 2015, "title", "toward deep learning software repositories"]
["id", 2311607323, "spc", 0.03219628438816634, "year", 2016, "title", "deep learning in bioinformatics"]
["id", 2990500698, "spc", 0.032140518394066606, "year", 2019, "title", "invariant information clustering for unsupervised image classification and segmentation"]
["id", 1487641199, "spc", 0.03116442825864644, "year", 2015, "title", "generative moment matching networks"]
["id", 2963115079, "spc", 0.030910091635375735, "year", 2018, "title", "objects that sound"]
["id", 2935703330, "spc", 0.030814920798650454, "year", 2019, "title", "deep learning new computational modelling techniques for genomics"]
["id", 2308529009, "spc", 0.03058266636884472, "year", 2016, "title", "learning representations for automatic colorization"]
["id", 2096873754, "spc", 0.03049589621498782, "year", 2012, "title", "marginalized denoising autoencoders for domain adaptation"]
["id", 2963512530, "spc", 0.03049517182280523, "year", 2020, "title", "network representation learning a survey"]
["id", 2949821452, "spc", 0.029086246461894456, "year", 2012, "title", "marginalized denoising autoencoders for domain adaptation"]
["id", 2963499153, "spc", 0.028990516858154684, "year", 2019, "title", "zero shot learning a comprehensive evaluation of the good the bad and the ugly"]
["id", 2798878556, "spc", 0.028745972169164417, "year", 2019, "title", "deep learning in spiking neural networks"]
["id", 2141357020, "spc", 0.027973591401683418, "year", 2010, "title", "latent hierarchical structural learning for object detection"]
["id", 2933502442, "spc", 0.0272196290246067, "year", 2019, "title", "unsupervised embedding learning via invariant and spreading instance feature"]
["id", 2128715914, "spc", 0.02682393393549571, "year", 2010, "title", "what is an object"]
["id", 2979579363, "spc", 0.026646119626733487, "year", 2019, "title", "unsupervised embedding learning via invariant and spreading instance feature"]
["id", 2965236084, "spc", 0.02606649778844592, "year", 2018, "title", "racial faces in the wild reducing racial bias by information maximization adaptation network"]
["id", 2152722485, "spc", 0.025839757805026554, "year", 2013, "title", "dropout training as adaptive regularization"]
["id", 35527955, "spc", 0.025690176485445734, "year", 2013, "title", "fast dropout training"]
["id", 2593675739, "spc", 0.025607174740018848, "year", 2017, "title", "easy over hard a case study on deep learning"]
["id", 2110158442, "spc", 0.025016419403589226, "year", 2011, "title", "contour detection and hierarchical image segmentation"]
["id", 2558748708, "spc", 0.02352228338053594, "year", 2017, "title", "geometric deep learning going beyond euclidean data"]
["id", 2963606038, "spc", 0.023121512315878348, "year", 2015, "title", "deeply supervised nets"]
["id", 25437484, "spc", 0.022800926497078506, "year", 2012, "title", "multi component models for object detection"]
["id", 2610935556, "spc", 0.0218937747868906, "year", 2017, "title", "neural ranking models with weak supervision"]
["id", 2741497758, "spc", 0.021600090853947474, "year", 2017, "title", "on application of learning to rank for e commerce search"]
["id", 2755092149, "spc", 0.02111598592181538, "year", 2017, "title", "representation learning on graphs methods and applications"]
["id", 1026270304, "spc", 0.020940279411245103, "year", 2015, "title", "training very deep networks"]
["id", 2611099133, "spc", 0.020632523440993242, "year", 2017, "title", "neural models for information retrieval"]
["id", 2767002384, "spc", 0.02054923926106917, "year", 2017, "title", "hierarchical representations for efficient architecture search"]
["id", 2769989147, "spc", 0.020547969177543257, "year", 2017, "title", "advances in variational inference"]
["id", 2393319904, "spc", 0.0205213087557474, "year", 2016, "title", "structural deep network embedding"]
["id", 2789242863, "spc", 0.0203298844167243, "year", 2018, "title", "data analysis strategies in medical imaging"]
["id", 2964304677, "spc", 0.020179735613014883, "year", 2017, "title", "neural networks for information retrieval"]
["id", 2398118205, "spc", 0.020031881153739377, "year", 2016, "title", "learning deep representations of fine grained visual descriptions"]
["id", 2147062276, "spc", 0.019652751196572758, "year", 2015, "title", "from neural pca to deep unsupervised learning"]
["id", 2099057450, "spc", 0.019057984244229435, "year", 2015, "title", "a note on the evaluation of generative models"]
["id", 2471149695, "spc", 0.018304182262052354, "year", 2016, "title", "coupled generative adversarial networks"]
["id", 2044913453, "spc", 0.017645327086767915, "year", 2015, "title", "evaluation of output embeddings for fine grained image classification"]
["id", 2182361439, "spc", 0.017645210277438834, "year", 2015, "title", "efficient and robust automated machine learning"]
["id", 2810397803, "spc", 0.01720374075042168, "year", 2018, "title", "deep learning for matching in search and recommendation"]
["id", 2955013659, "spc", 0.017203737263576033, "year", 2019, "title", "teach machine how to read reading behavior inspired relevance estimation"]
["id", 2168894214, "spc", 0.01715619586663965, "year", 2014, "title", "deeply supervised nets"]
["id", 2616180702, "spc", 0.017080268059313515, "year", 2011, "title", "deep learning of representations for unsupervised and transfer learning"]
["id", 2777186991, "spc", 0.017015234901202804, "year", 2018, "title", "deep learning applications in medical image analysis"]
["id", 2743563068, "spc", 0.016959289334552395, "year", 2017, "title", "unsupervised representation learning by sorting sequences"]
["id", 2842511635, "spc", 0.016534874841292624, "year", 2018, "title", "representation learning with contrastive predictive coding"]
["id", 2724976418, "spc", 0.016476559091315544, "year", 2017, "title", "introduction to machine learning knowledge extraction make"]
["id", 2910705748, "spc", 0.016274594017909906, "year", 2019, "title", "definitions methods and applications in interpretable machine learning"]
["id", 2951055789, "spc", 0.016214848661218684, "year", 2016, "title", "deep learning in bioinformatics"]
["id", 2626967530, "spc", 0.016121285260335398, "year", 2017, "title", "on calibration of modern neural networks"]
["id", 845365781, "spc", 0.016051489942786067, "year", 2015, "title", "holistically nested edge detection"]
["id", 2312004824, "spc", 0.01592725537590464, "year", 2019, "title", "beyond sharing weights for deep domain adaptation"]
["id", 2053637704, "spc", 0.015835878227240287, "year", 2015, "title", "privacy preserving deep learning"]
["id", 2964189064, "spc", 0.015716308188119442, "year", 2017, "title", "icarl incremental classifier and representation learning"]
["id", 2785430118, "spc", 0.015525447846379296, "year", 2018, "title", "regularized evolution for image classifier architecture search"]
["id", 2777181663, "spc", 0.015452905766173716, "year", 2017, "title", "objects that sound"]
["id", 2887063112, "spc", 0.015445886745891861, "year", 2020, "title", "automatically designing cnn architectures using the genetic algorithm for image classification"]
["id", 2952111767, "spc", 0.01530019151578155, "year", 2012, "title", "representation learning a review and new perspectives"]
["id", 2949099979, "spc", 0.015257799318150298, "year", 2016, "title", "generating videos with scene dynamics"]
["id", 2139450192, "spc", 0.015210313710744224, "year", 2010, "title", "context aware ranking in web search"]
["id", 2096682819, "spc", 0.014882261683708655, "year", 2015, "title", "a cross benchmark comparison of 87 learning to rank methods"]
["id", 2782417188, "spc", 0.014447434597643777, "year", 2017, "title", "genetic cnn"]
["id", 630242894, "spc", 0.014337734946830358, "year", 2015, "title", "stacked what where auto encoders"]
["id", 2007815473, "spc", 0.01430073951454498, "year", 2010, "title", "letor a benchmark collection for research on learning to rank for information retrieval"]
["id", 2945079400, "spc", 0.013944874663228135, "year", 2019, "title", "evolving autoencoding structures through genetic programming"]
["id", 6908809, "spc", 0.01380693243440779, "year", 2012, "title", "adadelta an adaptive learning rate method"]
["id", 2293078015, "spc", 0.013446336805263123, "year", 2010, "title", "deconvolutional networks"]
["id", 2619890685, "spc", 0.01322216749879497, "year", 2017, "title", "bayesian compression for deep learning"]
["id", 2892341857, "spc", 0.013159729425554986, "year", 2019, "title", "a survey on deep learning algorithms techniques and applications"]
["id", 2189911347, "spc", 0.013048981105914063, "year", 2016, "title", "deeptox toxicity prediction using deep learning"]
["id", 3006061238, "spc", 0.013006313447476917, "year", 2019, "title", "the impact of features on feature location"]
["id", 2118548380, "spc", 0.013006312575765505, "year", 2015, "title", "exploring the use of deep learning for feature location"]
["id", 2964231206, "spc", 0.012901336729088622, "year", 2019, "title", "on the use of deep learning for computational imaging"]
["id", 2769575776, "spc", 0.012798819108590927, "year", 2018, "title", "learning to play othello with deep neural networks"]
["id", 122178443, "spc", 0.012590607351213635, "year", 2014, "title", "efficient transfer learning method for automatic hyperparameter tuning"]
["id", 1586939924, "spc", 0.01245310882350152, "year", 2015, "title", "describing videos by exploiting temporal structure"]
["id", 2962739339, "spc", 0.012326545043729738, "year", 2018, "title", "deep contextualized word representations"]
["id", 3006528745, "spc", 0.012282492235860417, "year", 2020, "title", "automatically discovering and learning new visual categories with ranking statistics"]
["id", 2995314979, "spc", 0.012282492235860417, "year", 2020, "title", "automatically discovering and learning new visual categories with ranking statistics"]
["id", 2762644836, "spc", 0.012240725055310896, "year", 2017, "title", "machine learning for internet of things data analysis a survey"]
["id", 3033079657, "spc", 0.012006728946105863, "year", 2020, "title", "discovering parametric activation functions"]
["id", 607853484, "spc", 0.011916378673483743, "year", 2015, "title", "many regression algorithms one unified model"]
["id", 2594183968, "spc", 0.011869690682018787, "year", 2018, "title", "moleculenet a benchmark for molecular machine learning"]
["id", 2943530662, "spc", 0.01164719506145987, "year", 2019, "title", "a survey on neural architecture search"]
["id", 2971325325, "spc", 0.011325245886013132, "year", 2018, "title", "a general framework for counterfactual learning to rank"]
["id", 2739349903, "spc", 0.011249260545733865, "year", 2017, "title", "interpretability of deep learning models a survey of results"]
["id", 2955421345, "spc", 0.011093858809061403, "year", 2019, "title", "a general framework for counterfactual learning to rank"]
["id", 2613589950, "spc", 0.010965497560360016, "year", 2017, "title", "relevance based word embedding"]
["id", 2952899695, "spc", 0.010848513888995782, "year", 2013, "title", "predicting parameters in deep learning"]
["id", 2162059449, "spc", 0.010841119161095761, "year", 2010, "title", "adapting boosting for information retrieval measures"]
["id", 2405933695, "spc", 0.010692617020241837, "year", 2014, "title", "learning deep representations for graph clustering"]
["id", 2758375579, "spc", 0.01051115547093574, "year", 2017, "title", "a survey on heterogeneous transfer learning"]
["id", 2085860938, "spc", 0.01046221061862755, "year", 2012, "title", "ranking model adaptation for domain specific search"]
["id", 1956340063, "spc", 0.010216520500843151, "year", 2015, "title", "cider consensus based image description evaluation"]
["id", 2951163624, "spc", 0.00998555881906002, "year", 2013, "title", "deep learning of representations looking forward"]
["id", 2399306074, "spc", 0.009870941844176813, "year", 2016, "title", "ladder variational autoencoders"]
["id", 2963135265, "spc", 0.009843252802915908, "year", 2016, "title", "ladder variational autoencoders"]
["id", 2586544230, "spc", 0.00982664757224663, "year", 2017, "title", "procedural content generation via machine learning pcgml"]
["id", 2338873322, "spc", 0.00977753012107905, "year", 2016, "title", "bio inspired computing a review of algorithms and scope of applications"]
["id", 1995997122, "spc", 0.009759253819634769, "year", 2011, "title", "on deep generative models with applications to recognition"]
["id", 2106004777, "spc", 0.009547363440102805, "year", 2010, "title", "decision trees do not generalize to new variations"]
["id", 2773028880, "spc", 0.009472037985361711, "year", 2017, "title", "adversarially regularized autoencoders"]
["id", 2949825606, "spc", 0.009369175167145237, "year", 2014, "title", "deep fried convnets"]
["id", 2604942799, "spc", 0.00935415906637832, "year", 2017, "title", "community preserving network embedding"]
["id", 2322480645, "spc", 0.009073361643224895, "year", 2016, "title", "learning to refine object segments"]
["id", 1674447, "spc", 0.00906759091368368, "year", 2013, "title", "training efficient tree based models for document ranking"]
["id", 2920852583, "spc", 0.00898506337926441, "year", 2019, "title", "deep supervised hashing for fast image retrieval"]
["id", 2884367402, "spc", 0.008906236259785089, "year", 2019, "title", "object detection with deep learning a review"]
["id", 3022414928, "spc", 0.008884049460950793, "year", 2020, "title", "the information bottleneck problem and its applications in machine learning"]
["id", 3021450295, "spc", 0.008884049460950793, "year", 2020, "title", "the information bottleneck problem and its applications in machine learning"]
["id", 2792738181, "spc", 0.008863030755407317, "year", 2018, "title", "learning memory access patterns"]
["id", 2171061940, "spc", 0.008822663543383957, "year", 2016, "title", "label embedding for image classification"]
["id", 2798820905, "spc", 0.008738838030673619, "year", 2018, "title", "the power of ensembles for active learning in image classification"]
["id", 2726367589, "spc", 0.008618933254370924, "year", 2011, "title", "unsupervised and transfer learning challenge a deep learning approach"]
["id", 2520707650, "spc", 0.00830853425512073, "year", 2016, "title", "generating videos with scene dynamics"]
["id", 2109317801, "spc", 0.008306976506829166, "year", 2013, "title", "label embedding for attribute based classification"]
["id", 2898073868, "spc", 0.008211832693157626, "year", 2018, "title", "the lambdaloss framework for ranking metric optimization"]
["id", 3043547428, "spc", 0.00816525889588752, "year", 2018, "title", "generative image inpainting with contextual attention"]
["id", 3024880312, "spc", 0.008101997055364085, "year", 2020, "title", "neural architecture transfer"]
["id", 2613997951, "spc", 0.008083264848851818, "year", 2017, "title", "deep metric learning via facility location"]
["id", 2951433186, "spc", 0.008001180143829367, "year", 2019, "title", "bayesian generative active deep learning"]
["id", 2409550820, "spc", 0.00798169826550359, "year", 2016, "title", "density estimation using real nvp"]
["id", 1573040851, "spc", 0.007785712260666413, "year", 2016, "title", "jointly modeling embedding and translation to bridge video and language"]
["id", 2740070748, "spc", 0.007607036701030062, "year", 2017, "title", "learning a hierarchical embedding model for personalized product search"]
["id", 1689711448, "spc", 0.0075521520071669115, "year", 2017, "title", "lstm a search space odyssey"]
["id", 2115584760, "spc", 0.0074201871034922035, "year", 2010, "title", "from ranknet to lambdarank to lambdamart an overview"]
["id", 2963522845, "spc", 0.0073350688427592636, "year", 2015, "title", "transfer learning for speech and language processing"]
["id", 2278264165, "spc", 0.0073350688427592636, "year", 2015, "title", "transfer learning for speech and language processing"]
["id", 1981613567, "spc", 0.007308550509923411, "year", 2010, "title", "multimodal semi supervised learning for image classification"]
["id", 2937423263, "spc", 0.007286452625653044, "year", 2019, "title", "text classification algorithms a survey"]
["id", 2951708950, "spc", 0.007261747452552197, "year", 2016, "title", "colorful image colorization"]
["id", 2167085024, "spc", 0.007241013796640138, "year", 2015, "title", "deep kernel learning"]
["id", 2340462169, "spc", 0.007175948385207219, "year", 2016, "title", "document retrieval using entity based language models"]
["id", 2963213486, "spc", 0.007075439187800606, "year", 2016, "title", "learning to hash for indexing big data a survey"]
["id", 3021520429, "spc", 0.0068222314308072265, "year", 2010, "title", "cross language information retrieval"]
["id", 1857867064, "spc", 0.006802730374830406, "year", 2016, "title", "distributed compressive sensing a deep learning approach"]
["id", 2767414122, "spc", 0.006765770682712879, "year", 2017, "title", "enhancing the reliability of out of distribution image detection in neural networks"]
["id", 2059283460, "spc", 0.006761898540624952, "year", 2015, "title", "learning to rank for blind image quality assessment"]
["id", 2366141641, "spc", 0.006749583873520908, "year", 2016, "title", "node2vec scalable feature learning for networks"]
["id", 2053448995, "spc", 0.006657240868613104, "year", 2013, "title", "the whens and hows of learning to rank for web search"]
["id", 2077789969, "spc", 0.00662993102181601, "year", 2013, "title", "about learning models with multiple query dependent features"]
["id", 2360967250, "spc", 0.006596732764437206, "year", 2016, "title", "automatically learning semantic features for defect prediction"]
["id", 2259472270, "spc", 0.006549695216696416, "year", 2016, "title", "exploring the limits of language modeling"]
["id", 2963325024, "spc", 0.006534484724284833, "year", 2016, "title", "semi supervised vocabulary informed learning"]
["id", 2959329670, "spc", 0.006503156287882753, "year", 2020, "title", "an empirical assessment of baseline feature location techniques"]
["id", 2799640043, "spc", 0.00639244022156404, "year", 2018, "title", "deepmutation mutation testing of deep learning systems"]
["id", 2683470288, "spc", 0.00632398559616492, "year", 2018, "title", "information dropout learning optimal representations through noisy computation"]
["id", 2962851448, "spc", 0.006080061565699328, "year", 2019, "title", "advances in variational inference"]
["id", 2965373594, "spc", 0.00599746167923294, "year", 2019, "title", "roberta a robustly optimized bert pretraining approach"]
["id", 2062118960, "spc", 0.005972593496098224, "year", 2014, "title", "cnn features off the shelf an astounding baseline for recognition"]
["id", 2616028256, "spc", 0.005732871114633941, "year", 2017, "title", "deepxplore automated whitebox testing of deep learning systems"]
["id", 2979812796, "spc", 0.005691862323012041, "year", 2019, "title", "ngboost natural gradient boosting for probabilistic prediction"]
["id", 2042954874, "spc", 0.0056179010966292565, "year", 2015, "title", "deep computational phenotyping"]
["id", 2242874043, "spc", 0.005601161622402674, "year", 2016, "title", "sentiment embeddings with applications to sentiment analysis"]
["id", 2217066517, "spc", 0.00560036139132732, "year", 2015, "title", "user modeling with neural network for review rating prediction"]
["id", 2899682268, "spc", 0.00559254737023858, "year", 2019, "title", "deep weighted averaging classifiers"]
["id", 2084363474, "spc", 0.0055733984856718285, "year", 2011, "title", "iterative quantization a procrustean approach to learning binary codes"]
["id", 2738588019, "spc", 0.00551946221382391, "year", 2017, "title", "globally and locally consistent image completion"]
["id", 2963857374, "spc", 0.005445138355494125, "year", 2016, "title", "a note on the evaluation of generative models"]
["id", 2173649752, "spc", 0.005361198648588938, "year", 2015, "title", "unsupervised deep embedding for clustering analysis"]
["id", 2770298516, "spc", 0.005217137005662952, "year", 2017, "title", "population based training of neural networks"]
["id", 2620296437, "spc", 0.0052038442783557005, "year", 2018, "title", "anatomically constrained neural networks acnns application to cardiac image enhancement and segmentation"]
["id", 2192203593, "spc", 0.005036802579211355, "year", 2016, "title", "taking the human out of the loop a review of bayesian optimization"]
["id", 2755930428, "spc", 0.005022808124218199, "year", 2018, "title", "niftynet a deep learning platform for medical imaging"]
["id", 2963773425, "spc", 0.004990317696505177, "year", 2016, "title", "neural variational inference for text processing"]
["id", 2964318098, "spc", 0.004970076557540367, "year", 2016, "title", "stealing machine learning models via prediction apis"]
["id", 2806070179, "spc", 0.004874321674169674, "year", 2020, "title", "mask r cnn"]
["id", 2802022891, "spc", 0.004830154672105505, "year", 2018, "title", "rmdl random multimodel deep learning for classification"]
["id", 1866230956, "spc", 0.004824472857128216, "year", 2015, "title", "made masked autoencoder for distribution estimation"]
["id", 2189246496, "spc", 0.004786726009606502, "year", 2015, "title", "attribute2image conditional image generation from visual attributes"]
["id", 2952375406, "spc", 0.004763800871207039, "year", 2014, "title", "statistically significant detection of linguistic change"]
["id", 2078238240, "spc", 0.0047319912501060536, "year", 2015, "title", "a dataset for movie description"]
["id", 2964017345, "spc", 0.004705579266062351, "year", 2017, "title", "adversarial feature matching for text generation"]
["id", 2964231305, "spc", 0.004623967900336105, "year", 2017, "title", "dynamic word embeddings"]
["id", 2613994153, "spc", 0.004591546337824555, "year", 2017, "title", "a relational framework for classifier engineering"]
["id", 1570098300, "spc", 0.004591214215776941, "year", 2015, "title", "statistically significant detection of linguistic change"]
["id", 2963916161, "spc", 0.004541351451352906, "year", 2017, "title", "dense captioning events in videos"]
["id", 2798836702, "spc", 0.004496117474521599, "year", 2018, "title", "dynamic few shot visual learning without forgetting"]
["id", 2586811659, "spc", 0.004466803563190479, "year", 2017, "title", "hashnet deep learning to hash by continuation"]
["id", 2552161745, "spc", 0.004349826865517534, "year", 2017, "title", "boosting image captioning with attributes"]
["id", 2964184826, "spc", 0.004277304834674409, "year", 2015, "title", "deep learning and the information bottleneck principle"]
["id", 1594098193, "spc", 0.0042514760255647046, "year", 2014, "title", "scalable high quality object detection"]
["id", 2964280870, "spc", 0.004202717719498482, "year", 2017, "title", "hashnet deep learning to hash by continuation"]
["id", 2736941579, "spc", 0.004176487923139692, "year", 2017, "title", "learning transferable architectures for scalable image recognition"]
["id", 2332488709, "spc", 0.004166637584194715, "year", 2016, "title", "generating visual explanations"]
["id", 1995318441, "spc", 0.0041232647112260205, "year", 2012, "title", "discovering localized attributes for fine grained recognition"]
["id", 2938830017, "spc", 0.004108961670393351, "year", 2019, "title", "ernie enhanced representation through knowledge integration"]
["id", 2546529582, "spc", 0.003932837610057172, "year", 2017, "title", "learning from collective intelligence feature learning using social images and tags"]
["id", 2949338291, "spc", 0.003924534558866827, "year", 2017, "title", "machine learning models that remember too much"]
["id", 2757528734, "spc", 0.003924534558866827, "year", 2017, "title", "machine learning models that remember too much"]
["id", 2395579298, "spc", 0.0038730416941041104, "year", 2016, "title", "a survey of transfer learning"]
["id", 2554863749, "spc", 0.0038565916280659997, "year", 2016, "title", "icarl incremental classifier and representation learning"]
["id", 1964763677, "spc", 0.0038319535767438037, "year", 2013, "title", "neil extracting visual knowledge from web data"]
["id", 809122546, "spc", 0.0038096735047885247, "year", 2015, "title", "learning to segment object candidates"]
["id", 2953271441, "spc", 0.0037974381634228887, "year", 2019, "title", "deep metric learning to rank"]
["id", 2952729433, "spc", 0.0037765362672084954, "year", 2015, "title", "semi supervised sequence learning"]
["id", 2950891598, "spc", 0.003773129619014073, "year", 2015, "title", "holistically nested edge detection"]
["id", 2951022560, "spc", 0.0037497398584325154, "year", 2013, "title", "learning to rank for blind image quality assessment"]
["id", 2964216930, "spc", 0.003731590826854249, "year", 2018, "title", "inferring semantic layout for hierarchical text to image synthesis"]
["id", 2520774990, "spc", 0.003694236249467512, "year", 2016, "title", "a discriminative feature learning approach for deep face recognition"]
["id", 2033832873, "spc", 0.003653228329557023, "year", 2013, "title", "blocks that shout distinctive parts for scene classification"]
["id", 2408000533, "spc", 0.003621749087080829, "year", 2015, "title", "generating and using a knowledge enhanced model"]
["id", 2461943168, "spc", 0.003530410293718566, "year", 2016, "title", "stealing machine learning models via prediction apis"]
["id", 2095577883, "spc", 0.003530410293718566, "year", 2019, "title", "adversarial machine learning"]
["id", 2000431947, "spc", 0.0034963542723112796, "year", 2011, "title", "a cascade ranking model for efficient ranked retrieval"]
["id", 277886906, "spc", 0.003489778081426244, "year", 2015, "title", "never ending learning"]
["id", 2789758093, "spc", 0.003483065031849672, "year", 2018, "title", "ensemble learning a survey"]
["id", 2612135493, "spc", 0.0034635491567788636, "year", 2018, "title", "deep visual attention prediction"]
["id", 2971415639, "spc", 0.0034601006664367107, "year", 2019, "title", "language modeling at scale"]
["id", 2027922120, "spc", 0.0034338673832322755, "year", 2010, "title", "locality constrained linear coding for image classification"]
["id", 2622630462, "spc", 0.0034112508306723276, "year", 2017, "title", "listnet based object proposals ranking"]
["id", 2996403597, "spc", 0.0033916774226483894, "year", 2020, "title", "bertscore evaluating text generation with bert"]
["id", 2936695845, "spc", 0.0033916774226483894, "year", 2019, "title", "bertscore evaluating text generation with bert"]
["id", 2198618282, "spc", 0.0033497672814274534, "year", 2015, "title", "learning image representations tied to ego motion"]
["id", 2795783309, "spc", 0.003349150109748423, "year", 2018, "title", "group normalization"]
["id", 2123432324, "spc", 0.003346908939710588, "year", 2015, "title", "learning to rank using user clicks and visual features for image retrieval"]
["id", 2109154214, "spc", 0.0033212570880173297, "year", 2012, "title", "robust ranking models via risk sensitive optimization"]
"finished"
["time", 31.794984340667725]
["used RAM(bytes)=", 159457280]
["infile", "../data/GAN/007_restricted_snowball_output.jsonl"]
["output", "../data/GAN/008_search_path_count_output.jsonl"]
["len(citation_net.nodes())", 4063]
["decycled network is connected = ", true]
["weight_min", 0.0033212570880173297]
["selected items", 550]
["id", 2163922914, "spc", 0.7270463259095679, "year", 2013, "title", "representation learning a review and new perspectives"]
["id", 1479807131, "spc", 0.6591806121772433, "year", 2010, "title", "semi supervised learning"]
["id", 2097998348, "spc", 0.645597077584705, "year", 2012, "title", "random search for hyper parameter optimization"]
["id", 2138857742, "spc", 0.5743390936659726, "year", 2010, "title", "why does unsupervised pre training help deep learning"]
["id", 2131241448, "spc", 0.37586996134143824, "year", 2012, "title", "practical bayesian optimization of machine learning algorithms"]
["id", 2106411961, "spc", 0.3156358752890498, "year", 2011, "title", "algorithms for hyper parameter optimization"]
["id", 2102017903, "spc", 0.2716509911728785, "year", 2011, "title", "on optimization methods for deep learning"]
["id", 2076063813, "spc", 0.22488311258736834, "year", 2015, "title", "deep learning in neural networks"]
["id", 2150341604, "spc", 0.20334938599485625, "year", 2014, "title", "deep learning methods and applications"]
["id", 2168231600, "spc", 0.2027893201303644, "year", 2012, "title", "large scale distributed deep networks"]
["id", 219040644, "spc", 0.14530647122889856, "year", 2015, "title", "unsupervised learning of visual representations using videos"]
["id", 2095705004, "spc", 0.14024201360517133, "year", 2014, "title", "dropout a simple way to prevent neural networks from overfitting"]
["id", 2919115771, "spc", 0.13584889667926917, "year", 2015, "title", "deep learning"]
["id", 2171490498, "spc", 0.13309679653404963, "year", 2010, "title", "fast inference in sparse coding algorithms with applications to object recognition"]
["id", 2097117768, "spc", 0.12076880793622317, "year", 2015, "title", "going deeper with convolutions"]
["id", 2326925005, "spc", 0.11213644335243064, "year", 2016, "title", "colorful image colorization"]
["id", 1985697265, "spc", 0.10530987079879633, "year", 2015, "title", "transitive transfer learning"]
["id", 2963420272, "spc", 0.10225463562551497, "year", 2016, "title", "context encoders feature learning by inpainting"]
["id", 2786808285, "spc", 0.1016985883506281, "year", 2018, "title", "deep visual domain adaptation a survey"]
["id", 2009077327, "spc", 0.0923154501101005, "year", 2011, "title", "learning to rank for information retrieval and natural language processing"]
["id", 3035001721, "spc", 0.0907349754303388, "year", 2020, "title", "towards robust pattern recognition a review"]
["id", 1613249581, "spc", 0.09014710022841131, "year", 2013, "title", "deep learning of representations looking forward"]
["id", 2168356304, "spc", 0.08771214612876357, "year", 2010, "title", "object detection with discriminatively trained part based models"]
["id", 2170245882, "spc", 0.08603241402918153, "year", 2014, "title", "semantic matching in search"]
["id", 3032150799, "spc", 0.0840694044874816, "year", 2020, "title", "towards robust pattern recognition a review"]
["id", 2953259386, "spc", 0.06726909090638702, "year", 2015, "title", "unsupervised learning of visual representations using videos"]
["id", 2963446712, "spc", 0.06501280364926151, "year", 2017, "title", "densely connected convolutional networks"]
["id", 2129305389, "spc", 0.06376371442097127, "year", 2011, "title", "segmentation as selective search for object recognition"]
["id", 1507506748, "spc", 0.05974571757974484, "year", 2014, "title", "simultaneous detection and segmentation"]
["id", 2964037671, "spc", 0.05826474614242138, "year", 2017, "title", "unsupervised representation learning by sorting sequences"]
["id", 1903029394, "spc", 0.05685757379315824, "year", 2015, "title", "fully convolutional networks for semantic segmentation"]
["id", 2194775991, "spc", 0.05680635377406719, "year", 2016, "title", "deep residual learning for image recognition"]
["id", 2982232682, "spc", 0.05270957950091187, "year", 2019, "title", "racial faces in the wild reducing racial bias by information maximization adaptation network"]
["id", 2590953969, "spc", 0.05117498647955988, "year", 2017, "title", "domain adaptation for visual applications a comprehensive survey"]
["id", 2101626488, "spc", 0.04927550988063222, "year", 2011, "title", "a short introduction to learning to rank"]
["id", 2158542502, "spc", 0.049182102516091515, "year", 2013, "title", "learning with marginalized corrupted features"]
["id", 2963082247, "spc", 0.04799574861463242, "year", 2018, "title", "deep visual domain adaptation a survey"]
["id", 2412320034, "spc", 0.045576664021223026, "year", 2016, "title", "adversarial feature learning"]
["id", 1964005749, "spc", 0.044555605780951926, "year", 2013, "title", "bottom up segmentation for top down detection"]
["id", 2895478406, "spc", 0.04429801157213809, "year", 2019, "title", "visual permutation learning"]
["id", 2154851992, "spc", 0.04273327302676883, "year", 2014, "title", "deepwalk online learning of social representations"]
["id", 2766284073, "spc", 0.04013747771124362, "year", 2017, "title", "deeprank a new deep architecture for relevance ranking in information retrieval"]
["id", 2507839313, "spc", 0.038035152995250926, "year", 2016, "title", "learning latent vector spaces for product search"]
["id", 1905882502, "spc", 0.03619656979694286, "year", 2015, "title", "deep visual semantic alignments for generating image descriptions"]
["id", 2286300105, "spc", 0.03584683917882564, "year", 2016, "title", "text matching as image recognition"]
["id", 2964081807, "spc", 0.03584324947123489, "year", 2018, "title", "learning transferable architectures for scalable image recognition"]
["id", 2123024445, "spc", 0.035737166551065964, "year", 2013, "title", "devise a deep visual semantic embedding model"]
["id", 2592929672, "spc", 0.0351596568695274, "year", 2017, "title", "a survey on deep learning in medical image analysis"]
["id", 2107215754, "spc", 0.034613937631438774, "year", 2013, "title", "discriminative transfer learning with tree based priors"]
["id", 2411541852, "spc", 0.03418249801591727, "year", 2016, "title", "adversarially learned inference"]
["id", 2069875088, "spc", 0.033931978616915597, "year", 2010, "title", "learning to rank only using training data from related domain"]
["id", 2902316941, "spc", 0.03270797375619001, "year", 2020, "title", "better software analytics via duo data mining algorithms using used by optimizers"]
["id", 2018389835, "spc", 0.032515419679178176, "year", 2015, "title", "toward deep learning software repositories"]
["id", 2311607323, "spc", 0.03219628438816634, "year", 2016, "title", "deep learning in bioinformatics"]
["id", 2990500698, "spc", 0.032140518394066606, "year", 2019, "title", "invariant information clustering for unsupervised image classification and segmentation"]
["id", 1487641199, "spc", 0.03116442825864644, "year", 2015, "title", "generative moment matching networks"]
["id", 2963115079, "spc", 0.030910091635375735, "year", 2018, "title", "objects that sound"]
["id", 2935703330, "spc", 0.030814920798650454, "year", 2019, "title", "deep learning new computational modelling techniques for genomics"]
["id", 2308529009, "spc", 0.03058266636884472, "year", 2016, "title", "learning representations for automatic colorization"]
["id", 2096873754, "spc", 0.03049589621498782, "year", 2012, "title", "marginalized denoising autoencoders for domain adaptation"]
["id", 2963512530, "spc", 0.03049517182280523, "year", 2020, "title", "network representation learning a survey"]
["id", 2949821452, "spc", 0.029086246461894456, "year", 2012, "title", "marginalized denoising autoencoders for domain adaptation"]
["id", 2963499153, "spc", 0.028990516858154684, "year", 2019, "title", "zero shot learning a comprehensive evaluation of the good the bad and the ugly"]
["id", 2798878556, "spc", 0.028745972169164417, "year", 2019, "title", "deep learning in spiking neural networks"]
["id", 2141357020, "spc", 0.027973591401683418, "year", 2010, "title", "latent hierarchical structural learning for object detection"]
["id", 2933502442, "spc", 0.0272196290246067, "year", 2019, "title", "unsupervised embedding learning via invariant and spreading instance feature"]
["id", 2128715914, "spc", 0.02682393393549571, "year", 2010, "title", "what is an object"]
["id", 2979579363, "spc", 0.026646119626733487, "year", 2019, "title", "unsupervised embedding learning via invariant and spreading instance feature"]
["id", 2965236084, "spc", 0.02606649778844592, "year", 2018, "title", "racial faces in the wild reducing racial bias by information maximization adaptation network"]
["id", 2152722485, "spc", 0.025839757805026554, "year", 2013, "title", "dropout training as adaptive regularization"]
["id", 35527955, "spc", 0.025690176485445734, "year", 2013, "title", "fast dropout training"]
["id", 2593675739, "spc", 0.025607174740018848, "year", 2017, "title", "easy over hard a case study on deep learning"]
["id", 2110158442, "spc", 0.025016419403589226, "year", 2011, "title", "contour detection and hierarchical image segmentation"]
["id", 2558748708, "spc", 0.02352228338053594, "year", 2017, "title", "geometric deep learning going beyond euclidean data"]
["id", 2963606038, "spc", 0.023121512315878348, "year", 2015, "title", "deeply supervised nets"]
["id", 25437484, "spc", 0.022800926497078506, "year", 2012, "title", "multi component models for object detection"]
["id", 2610935556, "spc", 0.0218937747868906, "year", 2017, "title", "neural ranking models with weak supervision"]
["id", 2741497758, "spc", 0.021600090853947474, "year", 2017, "title", "on application of learning to rank for e commerce search"]
["id", 2755092149, "spc", 0.02111598592181538, "year", 2017, "title", "representation learning on graphs methods and applications"]
["id", 1026270304, "spc", 0.020940279411245103, "year", 2015, "title", "training very deep networks"]
["id", 2611099133, "spc", 0.020632523440993242, "year", 2017, "title", "neural models for information retrieval"]
["id", 2767002384, "spc", 0.02054923926106917, "year", 2017, "title", "hierarchical representations for efficient architecture search"]
["id", 2769989147, "spc", 0.020547969177543257, "year", 2017, "title", "advances in variational inference"]
["id", 2393319904, "spc", 0.0205213087557474, "year", 2016, "title", "structural deep network embedding"]
["id", 2789242863, "spc", 0.0203298844167243, "year", 2018, "title", "data analysis strategies in medical imaging"]
["id", 2964304677, "spc", 0.020179735613014883, "year", 2017, "title", "neural networks for information retrieval"]
["id", 2398118205, "spc", 0.020031881153739377, "year", 2016, "title", "learning deep representations of fine grained visual descriptions"]
["id", 2147062276, "spc", 0.019652751196572758, "year", 2015, "title", "from neural pca to deep unsupervised learning"]
["id", 2099057450, "spc", 0.019057984244229435, "year", 2015, "title", "a note on the evaluation of generative models"]
["id", 2471149695, "spc", 0.018304182262052354, "year", 2016, "title", "coupled generative adversarial networks"]
["id", 2044913453, "spc", 0.017645327086767915, "year", 2015, "title", "evaluation of output embeddings for fine grained image classification"]
["id", 2182361439, "spc", 0.017645210277438834, "year", 2015, "title", "efficient and robust automated machine learning"]
["id", 2810397803, "spc", 0.01720374075042168, "year", 2018, "title", "deep learning for matching in search and recommendation"]
["id", 2955013659, "spc", 0.017203737263576033, "year", 2019, "title", "teach machine how to read reading behavior inspired relevance estimation"]
["id", 2168894214, "spc", 0.01715619586663965, "year", 2014, "title", "deeply supervised nets"]
["id", 2616180702, "spc", 0.017080268059313515, "year", 2011, "title", "deep learning of representations for unsupervised and transfer learning"]
["id", 2777186991, "spc", 0.017015234901202804, "year", 2018, "title", "deep learning applications in medical image analysis"]
["id", 2743563068, "spc", 0.016959289334552395, "year", 2017, "title", "unsupervised representation learning by sorting sequences"]
["id", 2842511635, "spc", 0.016534874841292624, "year", 2018, "title", "representation learning with contrastive predictive coding"]
["id", 2724976418, "spc", 0.016476559091315544, "year", 2017, "title", "introduction to machine learning knowledge extraction make"]
["id", 2910705748, "spc", 0.016274594017909906, "year", 2019, "title", "definitions methods and applications in interpretable machine learning"]
["id", 2951055789, "spc", 0.016214848661218684, "year", 2016, "title", "deep learning in bioinformatics"]
["id", 2626967530, "spc", 0.016121285260335398, "year", 2017, "title", "on calibration of modern neural networks"]
["id", 845365781, "spc", 0.016051489942786067, "year", 2015, "title", "holistically nested edge detection"]
["id", 2312004824, "spc", 0.01592725537590464, "year", 2019, "title", "beyond sharing weights for deep domain adaptation"]
["id", 2053637704, "spc", 0.015835878227240287, "year", 2015, "title", "privacy preserving deep learning"]
["id", 2964189064, "spc", 0.015716308188119442, "year", 2017, "title", "icarl incremental classifier and representation learning"]
["id", 2785430118, "spc", 0.015525447846379296, "year", 2018, "title", "regularized evolution for image classifier architecture search"]
["id", 2777181663, "spc", 0.015452905766173716, "year", 2017, "title", "objects that sound"]
["id", 2887063112, "spc", 0.015445886745891861, "year", 2020, "title", "automatically designing cnn architectures using the genetic algorithm for image classification"]
["id", 2952111767, "spc", 0.01530019151578155, "year", 2012, "title", "representation learning a review and new perspectives"]
["id", 2949099979, "spc", 0.015257799318150298, "year", 2016, "title", "generating videos with scene dynamics"]
["id", 2139450192, "spc", 0.015210313710744224, "year", 2010, "title", "context aware ranking in web search"]
["id", 2096682819, "spc", 0.014882261683708655, "year", 2015, "title", "a cross benchmark comparison of 87 learning to rank methods"]
["id", 2782417188, "spc", 0.014447434597643777, "year", 2017, "title", "genetic cnn"]
["id", 630242894, "spc", 0.014337734946830358, "year", 2015, "title", "stacked what where auto encoders"]
["id", 2007815473, "spc", 0.01430073951454498, "year", 2010, "title", "letor a benchmark collection for research on learning to rank for information retrieval"]
["id", 2945079400, "spc", 0.013944874663228135, "year", 2019, "title", "evolving autoencoding structures through genetic programming"]
["id", 6908809, "spc", 0.01380693243440779, "year", 2012, "title", "adadelta an adaptive learning rate method"]
["id", 2293078015, "spc", 0.013446336805263123, "year", 2010, "title", "deconvolutional networks"]
["id", 2619890685, "spc", 0.01322216749879497, "year", 2017, "title", "bayesian compression for deep learning"]
["id", 2892341857, "spc", 0.013159729425554986, "year", 2019, "title", "a survey on deep learning algorithms techniques and applications"]
["id", 2189911347, "spc", 0.013048981105914063, "year", 2016, "title", "deeptox toxicity prediction using deep learning"]
["id", 3006061238, "spc", 0.013006313447476917, "year", 2019, "title", "the impact of features on feature location"]
["id", 2118548380, "spc", 0.013006312575765505, "year", 2015, "title", "exploring the use of deep learning for feature location"]
["id", 2964231206, "spc", 0.012901336729088622, "year", 2019, "title", "on the use of deep learning for computational imaging"]
["id", 2769575776, "spc", 0.012798819108590927, "year", 2018, "title", "learning to play othello with deep neural networks"]
["id", 122178443, "spc", 0.012590607351213635, "year", 2014, "title", "efficient transfer learning method for automatic hyperparameter tuning"]
["id", 1586939924, "spc", 0.01245310882350152, "year", 2015, "title", "describing videos by exploiting temporal structure"]
["id", 2962739339, "spc", 0.012326545043729738, "year", 2018, "title", "deep contextualized word representations"]
["id", 3006528745, "spc", 0.012282492235860417, "year", 2020, "title", "automatically discovering and learning new visual categories with ranking statistics"]
["id", 2995314979, "spc", 0.012282492235860417, "year", 2020, "title", "automatically discovering and learning new visual categories with ranking statistics"]
["id", 2762644836, "spc", 0.012240725055310896, "year", 2017, "title", "machine learning for internet of things data analysis a survey"]
["id", 3033079657, "spc", 0.012006728946105863, "year", 2020, "title", "discovering parametric activation functions"]
["id", 607853484, "spc", 0.011916378673483743, "year", 2015, "title", "many regression algorithms one unified model"]
["id", 2594183968, "spc", 0.011869690682018787, "year", 2018, "title", "moleculenet a benchmark for molecular machine learning"]
["id", 2943530662, "spc", 0.01164719506145987, "year", 2019, "title", "a survey on neural architecture search"]
["id", 2971325325, "spc", 0.011325245886013132, "year", 2018, "title", "a general framework for counterfactual learning to rank"]
["id", 2739349903, "spc", 0.011249260545733865, "year", 2017, "title", "interpretability of deep learning models a survey of results"]
["id", 2955421345, "spc", 0.011093858809061403, "year", 2019, "title", "a general framework for counterfactual learning to rank"]
["id", 2613589950, "spc", 0.010965497560360016, "year", 2017, "title", "relevance based word embedding"]
["id", 2952899695, "spc", 0.010848513888995782, "year", 2013, "title", "predicting parameters in deep learning"]
["id", 2162059449, "spc", 0.010841119161095761, "year", 2010, "title", "adapting boosting for information retrieval measures"]
["id", 2405933695, "spc", 0.010692617020241837, "year", 2014, "title", "learning deep representations for graph clustering"]
["id", 2758375579, "spc", 0.01051115547093574, "year", 2017, "title", "a survey on heterogeneous transfer learning"]
["id", 2085860938, "spc", 0.01046221061862755, "year", 2012, "title", "ranking model adaptation for domain specific search"]
["id", 1956340063, "spc", 0.010216520500843151, "year", 2015, "title", "cider consensus based image description evaluation"]
["id", 2951163624, "spc", 0.00998555881906002, "year", 2013, "title", "deep learning of representations looking forward"]
["id", 2399306074, "spc", 0.009870941844176813, "year", 2016, "title", "ladder variational autoencoders"]
["id", 2963135265, "spc", 0.009843252802915908, "year", 2016, "title", "ladder variational autoencoders"]
["id", 2586544230, "spc", 0.00982664757224663, "year", 2017, "title", "procedural content generation via machine learning pcgml"]
["id", 2338873322, "spc", 0.00977753012107905, "year", 2016, "title", "bio inspired computing a review of algorithms and scope of applications"]
["id", 1995997122, "spc", 0.009759253819634769, "year", 2011, "title", "on deep generative models with applications to recognition"]
["id", 2106004777, "spc", 0.009547363440102805, "year", 2010, "title", "decision trees do not generalize to new variations"]
["id", 2773028880, "spc", 0.009472037985361711, "year", 2017, "title", "adversarially regularized autoencoders"]
["id", 2949825606, "spc", 0.009369175167145237, "year", 2014, "title", "deep fried convnets"]
["id", 2604942799, "spc", 0.00935415906637832, "year", 2017, "title", "community preserving network embedding"]
["id", 2322480645, "spc", 0.009073361643224895, "year", 2016, "title", "learning to refine object segments"]
["id", 1674447, "spc", 0.00906759091368368, "year", 2013, "title", "training efficient tree based models for document ranking"]
["id", 2920852583, "spc", 0.00898506337926441, "year", 2019, "title", "deep supervised hashing for fast image retrieval"]
["id", 2884367402, "spc", 0.008906236259785089, "year", 2019, "title", "object detection with deep learning a review"]
["id", 3022414928, "spc", 0.008884049460950793, "year", 2020, "title", "the information bottleneck problem and its applications in machine learning"]
["id", 3021450295, "spc", 0.008884049460950793, "year", 2020, "title", "the information bottleneck problem and its applications in machine learning"]
["id", 2792738181, "spc", 0.008863030755407317, "year", 2018, "title", "learning memory access patterns"]
["id", 2171061940, "spc", 0.008822663543383957, "year", 2016, "title", "label embedding for image classification"]
["id", 2798820905, "spc", 0.008738838030673619, "year", 2018, "title", "the power of ensembles for active learning in image classification"]
["id", 2726367589, "spc", 0.008618933254370924, "year", 2011, "title", "unsupervised and transfer learning challenge a deep learning approach"]
["id", 2520707650, "spc", 0.00830853425512073, "year", 2016, "title", "generating videos with scene dynamics"]
["id", 2109317801, "spc", 0.008306976506829166, "year", 2013, "title", "label embedding for attribute based classification"]
["id", 2898073868, "spc", 0.008211832693157626, "year", 2018, "title", "the lambdaloss framework for ranking metric optimization"]
["id", 3043547428, "spc", 0.00816525889588752, "year", 2018, "title", "generative image inpainting with contextual attention"]
["id", 3024880312, "spc", 0.008101997055364085, "year", 2020, "title", "neural architecture transfer"]
["id", 2613997951, "spc", 0.008083264848851818, "year", 2017, "title", "deep metric learning via facility location"]
["id", 2951433186, "spc", 0.008001180143829367, "year", 2019, "title", "bayesian generative active deep learning"]
["id", 2409550820, "spc", 0.00798169826550359, "year", 2016, "title", "density estimation using real nvp"]
["id", 1573040851, "spc", 0.007785712260666413, "year", 2016, "title", "jointly modeling embedding and translation to bridge video and language"]
["id", 2740070748, "spc", 0.007607036701030062, "year", 2017, "title", "learning a hierarchical embedding model for personalized product search"]
["id", 1689711448, "spc", 0.0075521520071669115, "year", 2017, "title", "lstm a search space odyssey"]
["id", 2115584760, "spc", 0.0074201871034922035, "year", 2010, "title", "from ranknet to lambdarank to lambdamart an overview"]
["id", 2963522845, "spc", 0.0073350688427592636, "year", 2015, "title", "transfer learning for speech and language processing"]
["id", 2278264165, "spc", 0.0073350688427592636, "year", 2015, "title", "transfer learning for speech and language processing"]
["id", 1981613567, "spc", 0.007308550509923411, "year", 2010, "title", "multimodal semi supervised learning for image classification"]
["id", 2937423263, "spc", 0.007286452625653044, "year", 2019, "title", "text classification algorithms a survey"]
["id", 2951708950, "spc", 0.007261747452552197, "year", 2016, "title", "colorful image colorization"]
["id", 2167085024, "spc", 0.007241013796640138, "year", 2015, "title", "deep kernel learning"]
["id", 2340462169, "spc", 0.007175948385207219, "year", 2016, "title", "document retrieval using entity based language models"]
["id", 2963213486, "spc", 0.007075439187800606, "year", 2016, "title", "learning to hash for indexing big data a survey"]
["id", 3021520429, "spc", 0.0068222314308072265, "year", 2010, "title", "cross language information retrieval"]
["id", 1857867064, "spc", 0.006802730374830406, "year", 2016, "title", "distributed compressive sensing a deep learning approach"]
["id", 2767414122, "spc", 0.006765770682712879, "year", 2017, "title", "enhancing the reliability of out of distribution image detection in neural networks"]
["id", 2059283460, "spc", 0.006761898540624952, "year", 2015, "title", "learning to rank for blind image quality assessment"]
["id", 2366141641, "spc", 0.006749583873520908, "year", 2016, "title", "node2vec scalable feature learning for networks"]
["id", 2053448995, "spc", 0.006657240868613104, "year", 2013, "title", "the whens and hows of learning to rank for web search"]
["id", 2077789969, "spc", 0.00662993102181601, "year", 2013, "title", "about learning models with multiple query dependent features"]
["id", 2360967250, "spc", 0.006596732764437206, "year", 2016, "title", "automatically learning semantic features for defect prediction"]
["id", 2259472270, "spc", 0.006549695216696416, "year", 2016, "title", "exploring the limits of language modeling"]
["id", 2963325024, "spc", 0.006534484724284833, "year", 2016, "title", "semi supervised vocabulary informed learning"]
["id", 2959329670, "spc", 0.006503156287882753, "year", 2020, "title", "an empirical assessment of baseline feature location techniques"]
["id", 2799640043, "spc", 0.00639244022156404, "year", 2018, "title", "deepmutation mutation testing of deep learning systems"]
["id", 2683470288, "spc", 0.00632398559616492, "year", 2018, "title", "information dropout learning optimal representations through noisy computation"]
["id", 2962851448, "spc", 0.006080061565699328, "year", 2019, "title", "advances in variational inference"]
["id", 2965373594, "spc", 0.00599746167923294, "year", 2019, "title", "roberta a robustly optimized bert pretraining approach"]
["id", 2062118960, "spc", 0.005972593496098224, "year", 2014, "title", "cnn features off the shelf an astounding baseline for recognition"]
["id", 2616028256, "spc", 0.005732871114633941, "year", 2017, "title", "deepxplore automated whitebox testing of deep learning systems"]
["id", 2979812796, "spc", 0.005691862323012041, "year", 2019, "title", "ngboost natural gradient boosting for probabilistic prediction"]
["id", 2042954874, "spc", 0.0056179010966292565, "year", 2015, "title", "deep computational phenotyping"]
["id", 2242874043, "spc", 0.005601161622402674, "year", 2016, "title", "sentiment embeddings with applications to sentiment analysis"]
["id", 2217066517, "spc", 0.00560036139132732, "year", 2015, "title", "user modeling with neural network for review rating prediction"]
["id", 2899682268, "spc", 0.00559254737023858, "year", 2019, "title", "deep weighted averaging classifiers"]
["id", 2084363474, "spc", 0.0055733984856718285, "year", 2011, "title", "iterative quantization a procrustean approach to learning binary codes"]
["id", 2738588019, "spc", 0.00551946221382391, "year", 2017, "title", "globally and locally consistent image completion"]
["id", 2963857374, "spc", 0.005445138355494125, "year", 2016, "title", "a note on the evaluation of generative models"]
["id", 2173649752, "spc", 0.005361198648588938, "year", 2015, "title", "unsupervised deep embedding for clustering analysis"]
["id", 2770298516, "spc", 0.005217137005662952, "year", 2017, "title", "population based training of neural networks"]
["id", 2620296437, "spc", 0.0052038442783557005, "year", 2018, "title", "anatomically constrained neural networks acnns application to cardiac image enhancement and segmentation"]
["id", 2192203593, "spc", 0.005036802579211355, "year", 2016, "title", "taking the human out of the loop a review of bayesian optimization"]
["id", 2755930428, "spc", 0.005022808124218199, "year", 2018, "title", "niftynet a deep learning platform for medical imaging"]
["id", 2963773425, "spc", 0.004990317696505177, "year", 2016, "title", "neural variational inference for text processing"]
["id", 2964318098, "spc", 0.004970076557540367, "year", 2016, "title", "stealing machine learning models via prediction apis"]
["id", 2806070179, "spc", 0.004874321674169674, "year", 2020, "title", "mask r cnn"]
["id", 2802022891, "spc", 0.004830154672105505, "year", 2018, "title", "rmdl random multimodel deep learning for classification"]
["id", 1866230956, "spc", 0.004824472857128216, "year", 2015, "title", "made masked autoencoder for distribution estimation"]
["id", 2189246496, "spc", 0.004786726009606502, "year", 2015, "title", "attribute2image conditional image generation from visual attributes"]
["id", 2952375406, "spc", 0.004763800871207039, "year", 2014, "title", "statistically significant detection of linguistic change"]
["id", 2078238240, "spc", 0.0047319912501060536, "year", 2015, "title", "a dataset for movie description"]
["id", 2964017345, "spc", 0.004705579266062351, "year", 2017, "title", "adversarial feature matching for text generation"]
["id", 2964231305, "spc", 0.004623967900336105, "year", 2017, "title", "dynamic word embeddings"]
["id", 2613994153, "spc", 0.004591546337824555, "year", 2017, "title", "a relational framework for classifier engineering"]
["id", 1570098300, "spc", 0.004591214215776941, "year", 2015, "title", "statistically significant detection of linguistic change"]
["id", 2963916161, "spc", 0.004541351451352906, "year", 2017, "title", "dense captioning events in videos"]
["id", 2798836702, "spc", 0.004496117474521599, "year", 2018, "title", "dynamic few shot visual learning without forgetting"]
["id", 2586811659, "spc", 0.004466803563190479, "year", 2017, "title", "hashnet deep learning to hash by continuation"]
["id", 2552161745, "spc", 0.004349826865517534, "year", 2017, "title", "boosting image captioning with attributes"]
["id", 2964184826, "spc", 0.004277304834674409, "year", 2015, "title", "deep learning and the information bottleneck principle"]
["id", 1594098193, "spc", 0.0042514760255647046, "year", 2014, "title", "scalable high quality object detection"]
["id", 2964280870, "spc", 0.004202717719498482, "year", 2017, "title", "hashnet deep learning to hash by continuation"]
["id", 2736941579, "spc", 0.004176487923139692, "year", 2017, "title", "learning transferable architectures for scalable image recognition"]
["id", 2332488709, "spc", 0.004166637584194715, "year", 2016, "title", "generating visual explanations"]
["id", 1995318441, "spc", 0.0041232647112260205, "year", 2012, "title", "discovering localized attributes for fine grained recognition"]
["id", 2938830017, "spc", 0.004108961670393351, "year", 2019, "title", "ernie enhanced representation through knowledge integration"]
["id", 2546529582, "spc", 0.003932837610057172, "year", 2017, "title", "learning from collective intelligence feature learning using social images and tags"]
["id", 2949338291, "spc", 0.003924534558866827, "year", 2017, "title", "machine learning models that remember too much"]
["id", 2757528734, "spc", 0.003924534558866827, "year", 2017, "title", "machine learning models that remember too much"]
["id", 2395579298, "spc", 0.0038730416941041104, "year", 2016, "title", "a survey of transfer learning"]
["id", 2554863749, "spc", 0.0038565916280659997, "year", 2016, "title", "icarl incremental classifier and representation learning"]
["id", 1964763677, "spc", 0.0038319535767438037, "year", 2013, "title", "neil extracting visual knowledge from web data"]
["id", 809122546, "spc", 0.0038096735047885247, "year", 2015, "title", "learning to segment object candidates"]
["id", 2953271441, "spc", 0.0037974381634228887, "year", 2019, "title", "deep metric learning to rank"]
["id", 2952729433, "spc", 0.0037765362672084954, "year", 2015, "title", "semi supervised sequence learning"]
["id", 2950891598, "spc", 0.003773129619014073, "year", 2015, "title", "holistically nested edge detection"]
["id", 2951022560, "spc", 0.0037497398584325154, "year", 2013, "title", "learning to rank for blind image quality assessment"]
["id", 2964216930, "spc", 0.003731590826854249, "year", 2018, "title", "inferring semantic layout for hierarchical text to image synthesis"]
["id", 2520774990, "spc", 0.003694236249467512, "year", 2016, "title", "a discriminative feature learning approach for deep face recognition"]
["id", 2033832873, "spc", 0.003653228329557023, "year", 2013, "title", "blocks that shout distinctive parts for scene classification"]
["id", 2408000533, "spc", 0.003621749087080829, "year", 2015, "title", "generating and using a knowledge enhanced model"]
["id", 2461943168, "spc", 0.003530410293718566, "year", 2016, "title", "stealing machine learning models via prediction apis"]
["id", 2095577883, "spc", 0.003530410293718566, "year", 2019, "title", "adversarial machine learning"]
["id", 2000431947, "spc", 0.0034963542723112796, "year", 2011, "title", "a cascade ranking model for efficient ranked retrieval"]
["id", 277886906, "spc", 0.003489778081426244, "year", 2015, "title", "never ending learning"]
["id", 2789758093, "spc", 0.003483065031849672, "year", 2018, "title", "ensemble learning a survey"]
["id", 2612135493, "spc", 0.0034635491567788636, "year", 2018, "title", "deep visual attention prediction"]
["id", 2971415639, "spc", 0.0034601006664367107, "year", 2019, "title", "language modeling at scale"]
["id", 2027922120, "spc", 0.0034338673832322755, "year", 2010, "title", "locality constrained linear coding for image classification"]
["id", 2622630462, "spc", 0.0034112508306723276, "year", 2017, "title", "listnet based object proposals ranking"]
["id", 2996403597, "spc", 0.0033916774226483894, "year", 2020, "title", "bertscore evaluating text generation with bert"]
["id", 2936695845, "spc", 0.0033916774226483894, "year", 2019, "title", "bertscore evaluating text generation with bert"]
["id", 2198618282, "spc", 0.0033497672814274534, "year", 2015, "title", "learning image representations tied to ego motion"]
["id", 2795783309, "spc", 0.003349150109748423, "year", 2018, "title", "group normalization"]
["id", 2123432324, "spc", 0.003346908939710588, "year", 2015, "title", "learning to rank using user clicks and visual features for image retrieval"]
["id", 2109154214, "spc", 0.0033212570880173297, "year", 2012, "title", "robust ranking models via risk sensitive optimization"]
"finished"
["time", 3.3249688148498535]
["used RAM(bytes)=", 390086656]
